<?xml version="1.0" encoding="UTF-8"?>
<testsuite xmlns:xsi="http://www.w3.org/2001/XMLSchema-instance" xsi:noNamespaceSchemaLocation="https://maven.apache.org/surefire/maven-surefire-plugin/xsd/surefire-test-report.xsd" name="com.example.demo.DuelTests.TestSpecificBehaviours" time="0.023" tests="36" errors="0" skipped="0" failures="0">
  <properties>
    <property name="java.specification.version" value="19"/>
    <property name="sun.cpu.isalist" value="amd64"/>
    <property name="sun.jnu.encoding" value="Cp1250"/>
    <property name="java.class.path" value="D:\Program Files (x86)\GitHub\GwentClone\backend\BusinessLogic\target\test-classes;D:\Program Files (x86)\GitHub\GwentClone\backend\BusinessLogic\target\classes;C:\Users\piotr\.m2\repository\org\junit\jupiter\junit-jupiter\5.9.2\junit-jupiter-5.9.2.jar;C:\Users\piotr\.m2\repository\org\junit\jupiter\junit-jupiter-api\5.9.2\junit-jupiter-api-5.9.2.jar;C:\Users\piotr\.m2\repository\org\opentest4j\opentest4j\1.2.0\opentest4j-1.2.0.jar;C:\Users\piotr\.m2\repository\org\junit\platform\junit-platform-commons\1.9.2\junit-platform-commons-1.9.2.jar;C:\Users\piotr\.m2\repository\org\apiguardian\apiguardian-api\1.1.2\apiguardian-api-1.1.2.jar;C:\Users\piotr\.m2\repository\org\junit\jupiter\junit-jupiter-params\5.9.2\junit-jupiter-params-5.9.2.jar;C:\Users\piotr\.m2\repository\org\junit\jupiter\junit-jupiter-engine\5.9.2\junit-jupiter-engine-5.9.2.jar;C:\Users\piotr\.m2\repository\org\junit\platform\junit-platform-engine\1.9.2\junit-platform-engine-1.9.2.jar;"/>
    <property name="java.vm.vendor" value="Oracle Corporation"/>
    <property name="sun.arch.data.model" value="64"/>
    <property name="user.variant" value=""/>
    <property name="java.vendor.url" value="https://java.oracle.com/"/>
    <property name="user.timezone" value="Europe/Warsaw"/>
    <property name="os.name" value="Windows 10"/>
    <property name="java.vm.specification.version" value="19"/>
    <property name="sun.java.launcher" value="SUN_STANDARD"/>
    <property name="user.country" value="PL"/>
    <property name="sun.boot.library.path" value="C:\Program Files\Java\jdk-19\bin"/>
    <property name="sun.java.command" value="C:\Users\piotr\AppData\Local\Temp\surefire10869743885499693533\surefirebooter13863819903616821297.jar C:\Users\piotr\AppData\Local\Temp\surefire10869743885499693533 2023-10-31T21-31-25_230-jvmRun1 surefire14819217742032305675tmp surefire_09618104583006398162tmp"/>
    <property name="jdk.debug" value="release"/>
    <property name="surefire.test.class.path" value="D:\Program Files (x86)\GitHub\GwentClone\backend\BusinessLogic\target\test-classes;D:\Program Files (x86)\GitHub\GwentClone\backend\BusinessLogic\target\classes;C:\Users\piotr\.m2\repository\org\junit\jupiter\junit-jupiter\5.9.2\junit-jupiter-5.9.2.jar;C:\Users\piotr\.m2\repository\org\junit\jupiter\junit-jupiter-api\5.9.2\junit-jupiter-api-5.9.2.jar;C:\Users\piotr\.m2\repository\org\opentest4j\opentest4j\1.2.0\opentest4j-1.2.0.jar;C:\Users\piotr\.m2\repository\org\junit\platform\junit-platform-commons\1.9.2\junit-platform-commons-1.9.2.jar;C:\Users\piotr\.m2\repository\org\apiguardian\apiguardian-api\1.1.2\apiguardian-api-1.1.2.jar;C:\Users\piotr\.m2\repository\org\junit\jupiter\junit-jupiter-params\5.9.2\junit-jupiter-params-5.9.2.jar;C:\Users\piotr\.m2\repository\org\junit\jupiter\junit-jupiter-engine\5.9.2\junit-jupiter-engine-5.9.2.jar;C:\Users\piotr\.m2\repository\org\junit\platform\junit-platform-engine\1.9.2\junit-platform-engine-1.9.2.jar;"/>
    <property name="sun.cpu.endian" value="little"/>
    <property name="user.home" value="C:\Users\piotr"/>
    <property name="user.language" value="pl"/>
    <property name="java.specification.vendor" value="Oracle Corporation"/>
    <property name="java.version.date" value="2023-01-17"/>
    <property name="java.home" value="C:\Program Files\Java\jdk-19"/>
    <property name="file.separator" value="\"/>
    <property name="basedir" value="D:\Program Files (x86)\GitHub\GwentClone\backend\BusinessLogic"/>
    <property name="java.vm.compressedOopsMode" value="Zero based"/>
    <property name="line.separator" value="&#10;"/>
    <property name="java.vm.specification.vendor" value="Oracle Corporation"/>
    <property name="java.specification.name" value="Java Platform API Specification"/>
    <property name="surefire.real.class.path" value="C:\Users\piotr\AppData\Local\Temp\surefire10869743885499693533\surefirebooter13863819903616821297.jar"/>
    <property name="user.script" value=""/>
    <property name="sun.management.compiler" value="HotSpot 64-Bit Tiered Compilers"/>
    <property name="java.runtime.version" value="19.0.2+7-44"/>
    <property name="user.name" value="piotr"/>
    <property name="stdout.encoding" value="Cp1250"/>
    <property name="path.separator" value=";"/>
    <property name="os.version" value="10.0"/>
    <property name="java.runtime.name" value="Java(TM) SE Runtime Environment"/>
    <property name="file.encoding" value="UTF-8"/>
    <property name="java.vm.name" value="Java HotSpot(TM) 64-Bit Server VM"/>
    <property name="localRepository" value="C:\Users\piotr\.m2\repository"/>
    <property name="java.vendor.url.bug" value="https://bugreport.java.com/bugreport/"/>
    <property name="java.io.tmpdir" value="C:\Users\piotr\AppData\Local\Temp\"/>
    <property name="java.version" value="19.0.2"/>
    <property name="user.dir" value="D:\Program Files (x86)\GitHub\GwentClone\backend\BusinessLogic"/>
    <property name="os.arch" value="amd64"/>
    <property name="java.vm.specification.name" value="Java Virtual Machine Specification"/>
    <property name="sun.os.patch.level" value=""/>
    <property name="native.encoding" value="Cp1250"/>
    <property name="java.library.path" value="C:\Program Files\Java\jdk-19\bin;C:\Windows\Sun\Java\bin;C:\Windows\system32;C:\Windows;C:\Users\piotr\Documents\bin;C:\Users\piotr\Documents\utils\bin;D:\Program Files (x86)\WIN_AVR\bin;D:\Program Files (x86)\WIN_AVR\utils\bin;C:\Program Files\Common Files\Oracle\Java\javapath;C:\Program Files (x86)\Common Files\Oracle\Java\javapath;C:\Windows\system32;C:\Windows;C:\Windows\System32\Wbem;C:\Windows\System32\WindowsPowerShell\v1.0\;C:\Windows\System32\OpenSSH\;C:\Program Files (x86)\NVIDIA Corporation\PhysX\Common;C:\Program Files\NVIDIA Corporation\NVIDIA NvDLISR;C:\Program Files\dotnet\;D:\Git\Git\cmd;D:\Matlab\bin;D:\Git\Git LFS;D:\Git\Git\cmd\Git LFS;C:\Program Files\Microsoft SQL Server\150\Tools\Binn\;C:\Program Files\Microsoft SQL Server\Client SDK\ODBC\170\Tools\Binn\;C:\Program Files\Java\jdk-19\bin;D:\Program Files (x86)\lein;C:\Users\piotr\.lein\self-installs;C:\Users\piotr\AppData\Roaming\npm;C:\Program Files\PostgreSQL\15\bin;C:\Program Files\OpenSSL-Win64\bin;C:\Users\piotr\AppData\Roaming\nvm;C:\Program Files\nodejs;C:\Program Files\Docker\Docker\resources\bin;C:\Program Files\Amazon\AWSCLIV2\;C:\ProgramData\chocolatey\bin;C:\Program Files (x86)\IVI Foundation\VISA\WinNT\Bin\;C:\Program Files\IVI Foundation\VISA\Win64\Bin\;C:\Program Files (x86)\National Instruments\Shared\LabVIEW CLI;C:\Program Files (x86)\IVI Foundation\VISA\WinNT\Bin;C:\Users\piotr\miniconda3;C:\Users\piotr\miniconda3\Library\mingw-w64\bin;C:\Users\piotr\miniconda3\Library\usr\bin;C:\Users\piotr\miniconda3\Library\bin;C:\Users\piotr\miniconda3\Scripts;C:\Users\piotr\AppData\Local\Programs\Python\Python312\Scripts\;C:\Users\piotr\AppData\Local\Programs\Python\Python312\;C:\Program Files\Java\jdk-19\bin;D:\Program Files\Programming\Microsoft VS Code\bin;C:\ghcup\bin;C:\Users\piotr\AppData\Roaming\npm;C:\Program Files\PostgreSQL\15\bin;C:\Program Files\OpenSSL-Win64\bin;C:\Users\piotr\AppData\Roaming\nvm;C:\Program Files\nodejs;C:\Users\piotr\.dotnet\tools;C:\Users\piotr\.m2\wrapper\dists\apache-maven-3.9.3-bin\54p6kc7m0ap3os8bc4ge28ia2\apache-maven-3.9.3\bin;C:\Program Files (x86)\Java\apache-maven-3.9.4\bin;C:\Program Files (x86)\Vim\vim82;C:\Program Files (x86)\mongosh-1.10.6-win32-x64\bin;C:\Program Files\Neovim\bin;C:\tools\neovim\nvim-win64\bin;C:\MinGW\bin;C:\Program Files\GitHub CLI\;C:\Users\piotr\AppData\Local\Microsoft\WindowsApps;C:\Program Files\MySQL\MySQL Server 8.1\bin;."/>
    <property name="java.vm.info" value="mixed mode, sharing"/>
    <property name="stderr.encoding" value="Cp1250"/>
    <property name="java.vendor" value="Oracle Corporation"/>
    <property name="java.vm.version" value="19.0.2+7-44"/>
    <property name="sun.io.unicode.encoding" value="UnicodeLittle"/>
    <property name="java.class.version" value="63.0"/>
  </properties>
  <testcase name="testKillingAllMinPointsCards" classname="com.example.demo.DuelTests.TestSpecificBehaviours" time="0"/>
  <testcase name="testCallingAllCardCopiesFromDeck" classname="com.example.demo.DuelTests.TestSpecificBehaviours" time="0"/>
  <testcase name="testBoostingEveryTurn" classname="com.example.demo.DuelTests.TestSpecificBehaviours" time="0"/>
  <testcase name="afterBasePowerEqualsZero_cardIsTotallyDestroyed" classname="com.example.demo.DuelTests.TestSpecificBehaviours" time="0"/>
  <testcase name="testBoostingWholeBoard" classname="com.example.demo.DuelTests.TestSpecificBehaviours" time="0"/>
  <testcase name="testUnlockingCard" classname="com.example.demo.DuelTests.TestSpecificBehaviours" time="0.001"/>
  <testcase name="testIncreasingBasePower" classname="com.example.demo.DuelTests.TestSpecificBehaviours" time="0.001"/>
  <testcase name="testEatingOwnCard" classname="com.example.demo.DuelTests.TestSpecificBehaviours" time="0"/>
  <testcase name="testDoublingCardPoints" classname="com.example.demo.DuelTests.TestSpecificBehaviours" time="0.001"/>
  <testcase name="testDecreasingBasePower" classname="com.example.demo.DuelTests.TestSpecificBehaviours" time="0"/>
  <testcase name="testCardResurrectionFromGraveyard" classname="com.example.demo.DuelTests.TestSpecificBehaviours" time="0.001"/>
  <testcase name="testLockingCard" classname="com.example.demo.DuelTests.TestSpecificBehaviours" time="0"/>
  <testcase name="testDamageDealtByNumberOfWeakenedCards" classname="com.example.demo.DuelTests.TestSpecificBehaviours" time="0"/>
  <testcase name="cardWithPointsBelowOneIsRemoved" classname="com.example.demo.DuelTests.TestSpecificBehaviours" time="0.001"/>
  <testcase name="testStrikingEnemyCard" classname="com.example.demo.DuelTests.TestSpecificBehaviours" time="0"/>
  <testcase name="testPlayingCopyOfCardOnBoardFromDeck" classname="com.example.demo.DuelTests.TestSpecificBehaviours" time="0.001"/>
  <testcase name="testMakingCopyOfCardInDeck" classname="com.example.demo.DuelTests.TestSpecificBehaviours" time="0.001"/>
  <testcase name="testClearingAllRowsStatus" classname="com.example.demo.DuelTests.TestSpecificBehaviours" time="0"/>
  <testcase name="dealDamageToCard_boostIfItDies" classname="com.example.demo.DuelTests.TestSpecificBehaviours" time="0"/>
  <testcase name="testPlyingCardFromDeck" classname="com.example.demo.DuelTests.TestSpecificBehaviours" time="0"/>
  <testcase name="testUsingStrikingSpell" classname="com.example.demo.DuelTests.TestSpecificBehaviours" time="0"/>
  <testcase name="testCardsTargeting" classname="com.example.demo.DuelTests.TestSpecificBehaviours" time="0.002"/>
  <testcase name="testDealingDamageEveryTwoTurns" classname="com.example.demo.DuelTests.TestSpecificBehaviours" time="0"/>
  <testcase name="testSpawningNewUnitsOnDeath" classname="com.example.demo.DuelTests.TestSpecificBehaviours" time="0.001"/>
  <testcase name="testBoostingSingleCard" classname="com.example.demo.DuelTests.TestSpecificBehaviours" time="0"/>
  <testcase name="testBoostingCardEveryTwoTurns" classname="com.example.demo.DuelTests.TestSpecificBehaviours" time="0.001"/>
  <testcase name="testTargetingGoldCard" classname="com.example.demo.DuelTests.TestSpecificBehaviours" time="0.001"/>
  <testcase name="testCallingCardFromDeckAfterTurns" classname="com.example.demo.DuelTests.TestSpecificBehaviours" time="0"/>
  <testcase name="testSpyThatDrawsCard" classname="com.example.demo.DuelTests.TestSpecificBehaviours" time="0.001"/>
  <testcase name="testDealingDamageToWholeRow" classname="com.example.demo.DuelTests.TestSpecificBehaviours" time="0"/>
  <testcase name="testBoostingByNumberOfCardsOnGraveyard" classname="com.example.demo.DuelTests.TestSpecificBehaviours" time="0"/>
  <testcase name="testBoostingSingleRow" classname="com.example.demo.DuelTests.TestSpecificBehaviours" time="0"/>
  <testcase name="testBurningOppositeRow" classname="com.example.demo.DuelTests.TestSpecificBehaviours" time="0"/>
  <testcase name="testBurningAllMaxPointsCards" classname="com.example.demo.DuelTests.TestSpecificBehaviours" time="0.001"/>
  <testcase name="lockedCards_dontTriggerOnDeathEffects" classname="com.example.demo.DuelTests.TestSpecificBehaviours" time="0"/>
  <testcase name="testRainRowStatus" classname="com.example.demo.DuelTests.TestSpecificBehaviours" time="0.001"/>
</testsuite>